[2023-06-13 17:23:41,986] 14 root - INFO - Data Ingestion has started
[2023-06-13 17:23:41,987] 25 root - INFO - Entered into the data ingestion method
[2023-06-13 17:23:42,015] 29 root - INFO - Read the dataset as dataframe
[2023-06-13 17:23:42,015] 32 root - INFO - Make a directory for training data
[2023-06-13 17:23:42,070] 35 root - INFO - Save that dataframe into a csv file name as [data.csv] into the artifacts directory
[2023-06-13 17:23:42,071] 37 root - INFO - Train Test Split initiated
[2023-06-13 17:23:42,117] 41 root - INFO - Save the train data as a csv file into artifacts folder
[2023-06-13 17:23:42,130] 44 root - INFO - Save the test data as csv file into artifacts folder
[2023-06-13 17:23:42,130] 46 root - INFO - Ingestion of the data has been completed
[2023-06-13 17:23:42,131] 16 root - INFO - Get the train and test data
[2023-06-13 17:23:42,131] 19 root - INFO - Data transformation has started
[2023-06-13 17:23:42,168] 148 root - INFO - Read train and test data completed
[2023-06-13 17:23:42,168] 150 root - INFO - Apply column tranfromer on train and test data
[2023-06-13 17:23:42,168] 26 root - INFO - Tranforming the Age_Outlet column
[2023-06-13 17:23:42,171] 33 root - INFO - Tranforming the Item_Fat_Content column
[2023-06-13 17:23:42,182] 123 root - INFO - Categorical columns: ['Item_Fat_Content', 'Item_Type', 'Outlet_Location_Type', 'Outlet_Type', 'Outlet_Size']
[2023-06-13 17:23:42,182] 124 root - INFO - Numerical columns: ['Item_Visibility', 'Item_MRP', 'Age_Outlet', 'Item_Weight']
[2023-06-13 17:23:42,182] 135 root - INFO - Pipeline for numerical and categorical completed
[2023-06-13 17:23:42,182] 158 root - INFO - Obtaining preprocessing object
[2023-06-13 17:23:42,184] 168 root - INFO - Applying preprocessing object on training dataframe and testing dataframe.
[2023-06-13 17:23:42,222] 180 root - INFO - Saved preprocessing object.
[2023-06-13 17:23:42,228] 21 root - INFO - Get the train and test array for model building
[2023-06-13 17:23:42,228] 26 root - INFO - Model Trainer has started
[2023-06-13 17:23:42,228] 34 root - INFO - Split training and test input data
[2023-06-13 17:23:42,228] 41 root - INFO - Models are initiated to train
[2023-06-13 17:23:42,262] 51 root - INFO - Hyperparamneters are also been tunned for each model
[2023-06-13 17:23:42,262] 90 root - INFO - Model report has been generating
[2023-06-13 17:33:02,804] 95 root - INFO - Getting the best model for Store Sales Prediction
[2023-06-13 17:33:03,192] 107 root - INFO - Best model found on both training and testing dataset: <catboost.core.CatBoostRegressor object at 0x000001AA2FA53CD0>
[2023-06-13 17:33:03,435] 28 root - INFO - Get the Accuray Score: 0.6189147111069263 of Best Model
